<?xml version="1.0" encoding="UTF-8"?>
<testsuite name="org.example.vladtech.projectsubdomain.presentationlayer.ProjectControllerTest" tests="10" skipped="0" failures="0" errors="0" timestamp="2025-12-09T14:14:45.052Z" hostname="CUNNINGHAM" time="0.15">
  <properties/>
  <testcase name="deleteProject_ShouldReturnNoContent()" classname="org.example.vladtech.projectsubdomain.presentationlayer.ProjectControllerTest" time="0.019"/>
  <testcase name="addProjectPhoto_ShouldReturnCreatedWithProject()" classname="org.example.vladtech.projectsubdomain.presentationlayer.ProjectControllerTest" time="0.027"/>
  <testcase name="assignEmployee_ShouldReturnOkWithProject()" classname="org.example.vladtech.projectsubdomain.presentationlayer.ProjectControllerTest" time="0.009"/>
  <testcase name="deleteProjectPhoto_ShouldReturnNoContent()" classname="org.example.vladtech.projectsubdomain.presentationlayer.ProjectControllerTest" time="0.006"/>
  <testcase name="getProjectPhotos_ShouldReturnOkWithPhotoList()" classname="org.example.vladtech.projectsubdomain.presentationlayer.ProjectControllerTest" time="0.014"/>
  <testcase name="getAllProjects_ShouldReturnOkWithProjectList()" classname="org.example.vladtech.projectsubdomain.presentationlayer.ProjectControllerTest" time="0.008"/>
  <testcase name="updateProject_ShouldReturnOkWithUpdatedProject()" classname="org.example.vladtech.projectsubdomain.presentationlayer.ProjectControllerTest" time="0.02"/>
  <testcase name="getProjectByIdentifier_ShouldReturnOkWithProject()" classname="org.example.vladtech.projectsubdomain.presentationlayer.ProjectControllerTest" time="0.009"/>
  <testcase name="getProjectCount_ShouldReturnOkWithCount()" classname="org.example.vladtech.projectsubdomain.presentationlayer.ProjectControllerTest" time="0.015"/>
  <testcase name="createProject_ShouldReturnCreatedWithProject()" classname="org.example.vladtech.projectsubdomain.presentationlayer.ProjectControllerTest" time="0.007"/>
  <system-out><![CDATA[2025-12-09T09:14:44.541-05:00  INFO 12432 --- [VladTech] [    Test worker] t.c.s.AnnotationConfigContextLoaderUtils : Could not detect default configuration classes for test class [org.example.vladtech.projectsubdomain.presentationlayer.ProjectControllerTest]: ProjectControllerTest does not declare any static, non-private, non-final, nested classes annotated with @Configuration.
2025-12-09T09:14:44.581-05:00  INFO 12432 --- [VladTech] [    Test worker] .b.t.c.SpringBootTestContextBootstrapper : Found @SpringBootConfiguration org.example.vladtech.VladTechApplication for test class org.example.vladtech.projectsubdomain.presentationlayer.ProjectControllerTest

  .   ____          _            __ _ _
 /\\ / ___'_ __ _ _(_)_ __  __ _ \ \ \ \
( ( )\___ | '_ | '_| | '_ \/ _` | \ \ \ \
 \\/  ___)| |_)| | | | | || (_| |  ) ) ) )
  '  |____| .__|_| |_|_| |_\__, | / / / /
 =========|_|==============|___/=/_/_/_/

 :: Spring Boot ::                (v3.5.7)

2025-12-09T09:14:44.627-05:00  INFO 12432 --- [VladTech] [    Test worker] o.e.v.p.p.ProjectControllerTest          : Starting ProjectControllerTest using Java 17.0.17 with PID 12432 (started by snipe in C:\Users\snipe\Downloads\VladTech-Inc)
2025-12-09T09:14:44.628-05:00  INFO 12432 --- [VladTech] [    Test worker] o.e.v.p.p.ProjectControllerTest          : The following 1 profile is active: "test"
2025-12-09T09:14:45.037-05:00  INFO 12432 --- [VladTech] [    Test worker] o.s.b.t.m.w.SpringBootMockServletContext : Initializing Spring TestDispatcherServlet ''
2025-12-09T09:14:45.038-05:00  INFO 12432 --- [VladTech] [    Test worker] o.s.t.web.servlet.TestDispatcherServlet  : Initializing Servlet ''
2025-12-09T09:14:45.039-05:00  INFO 12432 --- [VladTech] [    Test worker] o.s.t.web.servlet.TestDispatcherServlet  : Completed initialization in 1 ms
2025-12-09T09:14:45.049-05:00  INFO 12432 --- [VladTech] [    Test worker] o.e.v.p.p.ProjectControllerTest          : Started ProjectControllerTest in 0.463 seconds (process running for 12.302)
]]></system-out>
  <system-err><![CDATA[]]></system-err>
</testsuite>
