<?xml version="1.0" encoding="UTF-8"?>
<testsuite name="org.example.vladtech.contact.dataaccesslayer.SmtpContactEmailSenderTest" tests="1" skipped="0" failures="0" errors="0" timestamp="2025-12-09T14:14:39.539Z" hostname="CUNNINGHAM" time="0.204">
  <properties/>
  <testcase name="send_buildsMimeMessageWithExpectedFields()" classname="org.example.vladtech.contact.dataaccesslayer.SmtpContactEmailSenderTest" time="0.204"/>
  <system-out><![CDATA[]]></system-out>
  <system-err><![CDATA[]]></system-err>
</testsuite>
