<?xml version="1.0" encoding="UTF-8"?>
<testsuite name="org.example.vladtech.contact.datamapperlayer.ContactEmailMapperTest" tests="2" skipped="0" failures="0" errors="0" timestamp="2025-12-09T14:14:39.745Z" hostname="CUNNINGHAM" time="0.003">
  <properties/>
  <testcase name="toContactEmail_mapsAllFieldsCorrectly()" classname="org.example.vladtech.contact.datamapperlayer.ContactEmailMapperTest" time="0.001"/>
  <testcase name="toHtml_containsKeyPiecesOfInformation()" classname="org.example.vladtech.contact.datamapperlayer.ContactEmailMapperTest" time="0.001"/>
  <system-out><![CDATA[]]></system-out>
  <system-err><![CDATA[]]></system-err>
</testsuite>
