<?xml version="1.0" encoding="UTF-8"?>
<testsuite name="org.example.vladtech.contact.businesslayer.ContactServiceImplTest" tests="1" skipped="0" failures="0" errors="0" timestamp="2025-12-09T14:14:39.455Z" hostname="CUNNINGHAM" time="0.079">
  <properties/>
  <testcase name="sendContactMessage_mapsDtoAndSendsEmail()" classname="org.example.vladtech.contact.businesslayer.ContactServiceImplTest" time="0.079"/>
  <system-out><![CDATA[]]></system-out>
  <system-err><![CDATA[]]></system-err>
</testsuite>
