<?xml version="1.0" encoding="UTF-8"?>
<testsuite name="org.example.vladtech.reviews.presentation.ReviewControllerIntegrationTest" tests="2" skipped="0" failures="0" errors="0" timestamp="2025-12-09T14:14:50.564Z" hostname="CUNNINGHAM" time="0.421">
  <properties/>
  <testcase name="getAllVisibleReviews_returnsOkAndJsonArray()" classname="org.example.vladtech.reviews.presentation.ReviewControllerIntegrationTest" time="0.198"/>
  <testcase name="createReview_savesAndReturnsReview()" classname="org.example.vladtech.reviews.presentation.ReviewControllerIntegrationTest" time="0.222"/>
  <system-out><![CDATA[2025-12-09T09:14:45.361-05:00  INFO 12432 --- [VladTech] [    Test worker] t.c.s.AnnotationConfigContextLoaderUtils : Could not detect default configuration classes for test class [org.example.vladtech.reviews.presentation.ReviewControllerIntegrationTest]: ReviewControllerIntegrationTest does not declare any static, non-private, non-final, nested classes annotated with @Configuration.
2025-12-09T09:14:45.383-05:00  INFO 12432 --- [VladTech] [    Test worker] .b.t.c.SpringBootTestContextBootstrapper : Found @SpringBootConfiguration org.example.vladtech.VladTechApplication for test class org.example.vladtech.reviews.presentation.ReviewControllerIntegrationTest

  .   ____          _            __ _ _
 /\\ / ___'_ __ _ _(_)_ __  __ _ \ \ \ \
( ( )\___ | '_ | '_| | '_ \/ _` | \ \ \ \
 \\/  ___)| |_)| | | | | || (_| |  ) ) ) )
  '  |____| .__|_| |_|_| |_\__, | / / / /
 =========|_|==============|___/=/_/_/_/

 :: Spring Boot ::                (v3.5.7)

2025-12-09T09:14:45.437-05:00  INFO 12432 --- [VladTech] [    Test worker] .e.v.r.p.ReviewControllerIntegrationTest : Starting ReviewControllerIntegrationTest using Java 17.0.17 with PID 12432 (started by snipe in C:\Users\snipe\Downloads\VladTech-Inc)
2025-12-09T09:14:45.438-05:00  INFO 12432 --- [VladTech] [    Test worker] .e.v.r.p.ReviewControllerIntegrationTest : The following 1 profile is active: "test"
2025-12-09T09:14:45.946-05:00  INFO 12432 --- [VladTech] [    Test worker] .s.d.r.c.RepositoryConfigurationDelegate : Bootstrapping Spring Data MongoDB repositories in DEFAULT mode.
2025-12-09T09:14:46.031-05:00  INFO 12432 --- [VladTech] [    Test worker] .s.d.r.c.RepositoryConfigurationDelegate : Finished Spring Data repository scanning in 74 ms. Found 2 MongoDB repository interfaces.
2025-12-09T09:14:46.279-05:00  WARN 12432 --- [VladTech] [    Test worker] trationDelegate$BeanPostProcessorChecker : Bean 'de.flapdoodle.embed.mongo.spring.autoconfigure.EmbeddedMongoAutoConfiguration' of type [de.flapdoodle.embed.mongo.spring.autoconfigure.EmbeddedMongoAutoConfiguration] is not eligible for getting processed by all BeanPostProcessors (for example: not eligible for auto-proxying). The currently created BeanPostProcessor [fixTransactionAndAuth] is declared through a non-static factory method on that class; consider declaring it as static instead.
2025-12-09T09:14:46.329-05:00  WARN 12432 --- [VladTech] [    Test worker] trationDelegate$BeanPostProcessorChecker : Bean 'de.flapdoodle.mongodb.embedded-de.flapdoodle.embed.mongo.spring.autoconfigure.EmbeddedMongoProperties' of type [de.flapdoodle.embed.mongo.spring.autoconfigure.EmbeddedMongoProperties] is not eligible for getting processed by all BeanPostProcessors (for example: not eligible for auto-proxying). Is this bean getting eagerly injected/applied to a currently created BeanPostProcessor [fixTransactionAndAuth]? Check the corresponding BeanPostProcessor declaration and its dependencies/advisors. If this bean does not have to be post-processed, declare it with ROLE_INFRASTRUCTURE.
2025-12-09T09:14:46.346-05:00  WARN 12432 --- [VladTech] [    Test worker] trationDelegate$BeanPostProcessorChecker : Bean 'net' of type [de.flapdoodle.embed.mongo.config.ImmutableNet] is not eligible for getting processed by all BeanPostProcessors (for example: not eligible for auto-proxying). Is this bean getting eagerly injected/applied to a currently created BeanPostProcessor [fixTransactionAndAuth]? Check the corresponding BeanPostProcessor declaration and its dependencies/advisors. If this bean does not have to be post-processed, declare it with ROLE_INFRASTRUCTURE.
2025-12-09T09:14:46.350-05:00  WARN 12432 --- [VladTech] [    Test worker] trationDelegate$BeanPostProcessorChecker : Bean 'spring.data.mongodb-org.springframework.boot.autoconfigure.mongo.MongoProperties' of type [org.springframework.boot.autoconfigure.mongo.MongoProperties] is not eligible for getting processed by all BeanPostProcessors (for example: not eligible for auto-proxying). Is this bean getting eagerly injected/applied to a currently created BeanPostProcessor [fixTransactionAndAuth]? Check the corresponding BeanPostProcessor declaration and its dependencies/advisors. If this bean does not have to be post-processed, declare it with ROLE_INFRASTRUCTURE.
2025-12-09T09:14:46.731-05:00  INFO 12432 --- [VladTech] [    Test worker] o.s.b.w.embedded.tomcat.TomcatWebServer  : Tomcat initialized with port 0 (http)
2025-12-09T09:14:46.758-05:00  INFO 12432 --- [VladTech] [    Test worker] o.apache.catalina.core.StandardService   : Starting service [Tomcat]
2025-12-09T09:14:46.759-05:00  INFO 12432 --- [VladTech] [    Test worker] o.apache.catalina.core.StandardEngine    : Starting Servlet engine: [Apache Tomcat/10.1.48]
2025-12-09T09:14:46.860-05:00  INFO 12432 --- [VladTech] [    Test worker] o.a.c.c.C.[Tomcat].[localhost].[/]       : Initializing Spring embedded WebApplicationContext
2025-12-09T09:14:46.861-05:00  INFO 12432 --- [VladTech] [    Test worker] w.s.c.ServletWebServerApplicationContext : Root WebApplicationContext: initialization completed in 1421 ms
2025-12-09T09:14:47.213-05:00  INFO 12432 --- [VladTech] [    Test worker] d.f.e.m.s.a.SyncClientServerFactory      : sync server factory
2025-12-09T09:14:47.563-05:00  INFO 12432 --- [VladTech] [       Thread-8] d.f.e.m.s.autoconfigure.EmbeddedMongo    : {"t":{"$date":"2025-12-09T09:14:47.562-05:00"},"s":"I",  "c":"NETWORK",  "id":4915701, "ctx":"thread1","msg":"Initialized wire specification","attr":{"spec":{"incomingExternalClient":{"minWireVersion":0,"maxWireVersion":21},"incomingInternalClient":{"minWireVersion":0,"maxWireVersion":21},"outgoing":{"minWireVersion":6,"maxWireVersion":21},"isInternalClient":true}}}
2025-12-09T09:14:47.568-05:00  INFO 12432 --- [VladTech] [       Thread-8] d.f.e.m.s.autoconfigure.EmbeddedMongo    : {"t":{"$date":"2025-12-09T09:14:47.566-05:00"},"s":"I",  "c":"CONTROL",  "id":23285,   "ctx":"thread1","msg":"Automatically disabling TLS 1.0, to force-enable TLS 1.0 specify --sslDisabledProtocols 'none'"}
2025-12-09T09:14:47.619-05:00  INFO 12432 --- [VladTech] [       Thread-8] d.f.e.m.s.autoconfigure.EmbeddedMongo    : {"t":{"$date":"2025-12-09T09:14:47.619-05:00"},"s":"I",  "c":"NETWORK",  "id":4648602, "ctx":"thread1","msg":"Implicit TCP FastOpen in use."}
2025-12-09T09:14:47.622-05:00  INFO 12432 --- [VladTech] [       Thread-8] d.f.e.m.s.autoconfigure.EmbeddedMongo    : {"t":{"$date":"2025-12-09T09:14:47.622-05:00"},"s":"I",  "c":"REPL",     "id":5123008, "ctx":"thread1","msg":"Successfully registered PrimaryOnlyService","attr":{"service":"TenantMigrationDonorService","namespace":"config.tenantMigrationDonors"}}
2025-12-09T09:14:47.623-05:00  INFO 12432 --- [VladTech] [       Thread-8] d.f.e.m.s.autoconfigure.EmbeddedMongo    : {"t":{"$date":"2025-12-09T09:14:47.622-05:00"},"s":"I",  "c":"REPL",     "id":5123008, "ctx":"thread1","msg":"Successfully registered PrimaryOnlyService","attr":{"service":"TenantMigrationRecipientService","namespace":"config.tenantMigrationRecipients"}}
2025-12-09T09:14:47.623-05:00  INFO 12432 --- [VladTech] [       Thread-8] d.f.e.m.s.autoconfigure.EmbeddedMongo    : {"t":{"$date":"2025-12-09T09:14:47.622-05:00"},"s":"I",  "c":"CONTROL",  "id":5945603, "ctx":"thread1","msg":"Multi threading initialized"}
2025-12-09T09:14:47.623-05:00  INFO 12432 --- [VladTech] [       Thread-8] d.f.e.m.s.autoconfigure.EmbeddedMongo    : {"t":{"$date":"2025-12-09T09:14:47.623-05:00"},"s":"I",  "c":"TENANT_M", "id":7091600, "ctx":"thread1","msg":"Starting TenantMigrationAccessBlockerRegistry"}
2025-12-09T09:14:47.625-05:00  INFO 12432 --- [VladTech] [       Thread-8] d.f.e.m.s.autoconfigure.EmbeddedMongo    : {"t":{"$date":"2025-12-09T09:14:47.625-05:00"},"s":"I",  "c":"CONTROL",  "id":4615611, "ctx":"initandlisten","msg":"MongoDB starting","attr":{"pid":24584,"port":62083,"dbPath":"C:/Users/snipe/AppData/Local/Temp/temp--3de90c64-1d44-4be9-a081-cf42e1148fbb/mongod-database10059885455803488025","architecture":"64-bit","host":"Cunningham"}}
2025-12-09T09:14:47.625-05:00  INFO 12432 --- [VladTech] [       Thread-8] d.f.e.m.s.autoconfigure.EmbeddedMongo    : {"t":{"$date":"2025-12-09T09:14:47.625-05:00"},"s":"I",  "c":"CONTROL",  "id":23398,   "ctx":"initandlisten","msg":"Target operating system minimum version","attr":{"targetMinOS":"Windows 7/Windows Server 2008 R2"}}
2025-12-09T09:14:47.625-05:00  INFO 12432 --- [VladTech] [       Thread-8] d.f.e.m.s.autoconfigure.EmbeddedMongo    : {"t":{"$date":"2025-12-09T09:14:47.625-05:00"},"s":"I",  "c":"CONTROL",  "id":23403,   "ctx":"initandlisten","msg":"Build Info","attr":{"buildInfo":{"version":"7.0.7","gitVersion":"cfb08e1ab7ef741b4abdd0638351b322514c45bd","modules":[],"allocator":"tcmalloc","environment":{"distmod":"windows","distarch":"x86_64","target_arch":"x86_64"}}}}
2025-12-09T09:14:47.625-05:00  INFO 12432 --- [VladTech] [       Thread-8] d.f.e.m.s.autoconfigure.EmbeddedMongo    : {"t":{"$date":"2025-12-09T09:14:47.625-05:00"},"s":"I",  "c":"CONTROL",  "id":51765,   "ctx":"initandlisten","msg":"Operating System","attr":{"os":{"name":"Microsoft Windows 10","version":"10.0 (build 26200)"}}}
2025-12-09T09:14:47.625-05:00  INFO 12432 --- [VladTech] [       Thread-8] d.f.e.m.s.autoconfigure.EmbeddedMongo    : {"t":{"$date":"2025-12-09T09:14:47.625-05:00"},"s":"I",  "c":"CONTROL",  "id":21951,   "ctx":"initandlisten","msg":"Options set by command line","attr":{"options":{"net":{"bindIp":"127.0.0.1","port":62083},"security":{"authorization":"disabled"},"storage":{"dbPath":"C:\\Users\\snipe\\AppData\\Local\\Temp\\temp--3de90c64-1d44-4be9-a081-cf42e1148fbb\\mongod-database10059885455803488025","syncPeriodSecs":0}}}}
2025-12-09T09:14:47.629-05:00  INFO 12432 --- [VladTech] [       Thread-8] d.f.e.m.s.autoconfigure.EmbeddedMongo    : {"t":{"$date":"2025-12-09T09:14:47.629-05:00"},"s":"I",  "c":"STORAGE",  "id":22315,   "ctx":"initandlisten","msg":"Opening WiredTiger","attr":{"config":"create,cache_size=7532M,session_max=33000,eviction=(threads_min=4,threads_max=4),config_base=false,statistics=(fast),log=(enabled=true,remove=true,path=journal,compressor=snappy),builtin_extension_config=(zstd=(compression_level=6)),file_manager=(close_idle_time=600,close_scan_interval=10,close_handle_minimum=2000),statistics_log=(wait=0),json_output=(error,message),verbose=[recovery_progress:1,checkpoint_progress:1,compact_progress:1,backup:0,checkpoint:0,compact:0,evict:0,history_store:0,recovery:0,rts:0,salvage:0,tiered:0,timestamp:0,transaction:0,verify:0,log:0],"}}
2025-12-09T09:14:47.696-05:00  INFO 12432 --- [VladTech] [       Thread-8] d.f.e.m.s.autoconfigure.EmbeddedMongo    : {"t":{"$date":"2025-12-09T09:14:47.696-05:00"},"s":"I",  "c":"STORAGE",  "id":4795906, "ctx":"initandlisten","msg":"WiredTiger opened","attr":{"durationMillis":67}}
2025-12-09T09:14:47.696-05:00  INFO 12432 --- [VladTech] [       Thread-8] d.f.e.m.s.autoconfigure.EmbeddedMongo    : {"t":{"$date":"2025-12-09T09:14:47.696-05:00"},"s":"I",  "c":"RECOVERY", "id":23987,   "ctx":"initandlisten","msg":"WiredTiger recoveryTimestamp","attr":{"recoveryTimestamp":{"$timestamp":{"t":0,"i":0}}}}
2025-12-09T09:14:47.711-05:00  INFO 12432 --- [VladTech] [       Thread-8] d.f.e.m.s.autoconfigure.EmbeddedMongo    : {"t":{"$date":"2025-12-09T09:14:47.711-05:00"},"s":"I",  "c":"STORAGE",  "id":20320,   "ctx":"initandlisten","msg":"createCollection","attr":{"namespace":"admin.system.version","uuidDisposition":"provided","uuid":{"uuid":{"$uuid":"e51c41ad-434e-47d3-879b-b57d33710f8a"}},"options":{"uuid":{"$uuid":"e51c41ad-434e-47d3-879b-b57d33710f8a"}}}}
2025-12-09T09:14:47.721-05:00  INFO 12432 --- [VladTech] [       Thread-8] d.f.e.m.s.autoconfigure.EmbeddedMongo    : {"t":{"$date":"2025-12-09T09:14:47.721-05:00"},"s":"I",  "c":"INDEX",    "id":20345,   "ctx":"initandlisten","msg":"Index build: done building","attr":{"buildUUID":null,"collectionUUID":{"uuid":{"$uuid":"e51c41ad-434e-47d3-879b-b57d33710f8a"}},"namespace":"admin.system.version","index":"_id_","ident":"index-1-8446098085069869637","collectionIdent":"collection-0-8446098085069869637","commitTimestamp":null}}
2025-12-09T09:14:47.722-05:00  INFO 12432 --- [VladTech] [       Thread-8] d.f.e.m.s.autoconfigure.EmbeddedMongo    : {"t":{"$date":"2025-12-09T09:14:47.722-05:00"},"s":"I",  "c":"REPL",     "id":20459,   "ctx":"initandlisten","msg":"Setting featureCompatibilityVersion","attr":{"newVersion":"7.0"}}
2025-12-09T09:14:47.722-05:00  INFO 12432 --- [VladTech] [       Thread-8] d.f.e.m.s.autoconfigure.EmbeddedMongo    : {"t":{"$date":"2025-12-09T09:14:47.722-05:00"},"s":"I",  "c":"REPL",     "id":5853300, "ctx":"initandlisten","msg":"current featureCompatibilityVersion value","attr":{"featureCompatibilityVersion":"7.0","context":"setFCV"}}
2025-12-09T09:14:47.722-05:00  INFO 12432 --- [VladTech] [       Thread-8] d.f.e.m.s.autoconfigure.EmbeddedMongo    : {"t":{"$date":"2025-12-09T09:14:47.722-05:00"},"s":"I",  "c":"NETWORK",  "id":4915702, "ctx":"initandlisten","msg":"Updated wire specification","attr":{"oldSpec":{"incomingExternalClient":{"minWireVersion":0,"maxWireVersion":21},"incomingInternalClient":{"minWireVersion":0,"maxWireVersion":21},"outgoing":{"minWireVersion":6,"maxWireVersion":21},"isInternalClient":true},"newSpec":{"incomingExternalClient":{"minWireVersion":0,"maxWireVersion":21},"incomingInternalClient":{"minWireVersion":21,"maxWireVersion":21},"outgoing":{"minWireVersion":21,"maxWireVersion":21},"isInternalClient":true}}}
2025-12-09T09:14:47.722-05:00  INFO 12432 --- [VladTech] [       Thread-8] d.f.e.m.s.autoconfigure.EmbeddedMongo    : {"t":{"$date":"2025-12-09T09:14:47.722-05:00"},"s":"I",  "c":"NETWORK",  "id":4915702, "ctx":"initandlisten","msg":"Updated wire specification","attr":{"oldSpec":{"incomingExternalClient":{"minWireVersion":0,"maxWireVersion":21},"incomingInternalClient":{"minWireVersion":21,"maxWireVersion":21},"outgoing":{"minWireVersion":21,"maxWireVersion":21},"isInternalClient":true},"newSpec":{"incomingExternalClient":{"minWireVersion":0,"maxWireVersion":21},"incomingInternalClient":{"minWireVersion":21,"maxWireVersion":21},"outgoing":{"minWireVersion":21,"maxWireVersion":21},"isInternalClient":true}}}
2025-12-09T09:14:47.723-05:00  INFO 12432 --- [VladTech] [       Thread-8] d.f.e.m.s.autoconfigure.EmbeddedMongo    : {"t":{"$date":"2025-12-09T09:14:47.722-05:00"},"s":"I",  "c":"REPL",     "id":5853300, "ctx":"initandlisten","msg":"current featureCompatibilityVersion value","attr":{"featureCompatibilityVersion":"7.0","context":"startup"}}
2025-12-09T09:14:47.723-05:00  INFO 12432 --- [VladTech] [       Thread-8] d.f.e.m.s.autoconfigure.EmbeddedMongo    : {"t":{"$date":"2025-12-09T09:14:47.722-05:00"},"s":"I",  "c":"STORAGE",  "id":5071100, "ctx":"initandlisten","msg":"Clearing temp directory"}
2025-12-09T09:14:47.723-05:00  INFO 12432 --- [VladTech] [       Thread-8] d.f.e.m.s.autoconfigure.EmbeddedMongo    : {"t":{"$date":"2025-12-09T09:14:47.723-05:00"},"s":"I",  "c":"CONTROL",  "id":6608200, "ctx":"initandlisten","msg":"Initializing cluster server parameters from disk"}
2025-12-09T09:14:47.723-05:00  INFO 12432 --- [VladTech] [       Thread-8] d.f.e.m.s.autoconfigure.EmbeddedMongo    : {"t":{"$date":"2025-12-09T09:14:47.723-05:00"},"s":"I",  "c":"CONTROL",  "id":20536,   "ctx":"initandlisten","msg":"Flow Control is enabled on this deployment"}
2025-12-09T09:14:47.938-05:00  INFO 12432 --- [VladTech] [       Thread-8] d.f.e.m.s.autoconfigure.EmbeddedMongo    : {"t":{"$date":"2025-12-09T09:14:47.938-05:00"},"s":"I",  "c":"FTDC",     "id":20625,   "ctx":"initandlisten","msg":"Initializing full-time diagnostic data capture","attr":{"dataDirectory":"C:/Users/snipe/AppData/Local/Temp/temp--3de90c64-1d44-4be9-a081-cf42e1148fbb/mongod-database10059885455803488025/diagnostic.data"}}
2025-12-09T09:14:47.941-05:00  INFO 12432 --- [VladTech] [       Thread-8] d.f.e.m.s.autoconfigure.EmbeddedMongo    : {"t":{"$date":"2025-12-09T09:14:47.941-05:00"},"s":"I",  "c":"STORAGE",  "id":20320,   "ctx":"initandlisten","msg":"createCollection","attr":{"namespace":"local.startup_log","uuidDisposition":"generated","uuid":{"uuid":{"$uuid":"f0934975-3f77-4f5f-9722-220c7f7a575c"}},"options":{"capped":true,"size":10485760}}}
2025-12-09T09:14:47.953-05:00  INFO 12432 --- [VladTech] [       Thread-8] d.f.e.m.s.autoconfigure.EmbeddedMongo    : {"t":{"$date":"2025-12-09T09:14:47.954-05:00"},"s":"I",  "c":"INDEX",    "id":20345,   "ctx":"initandlisten","msg":"Index build: done building","attr":{"buildUUID":null,"collectionUUID":{"uuid":{"$uuid":"f0934975-3f77-4f5f-9722-220c7f7a575c"}},"namespace":"local.startup_log","index":"_id_","ident":"index-3-8446098085069869637","collectionIdent":"collection-2-8446098085069869637","commitTimestamp":null}}
2025-12-09T09:14:47.954-05:00  INFO 12432 --- [VladTech] [       Thread-8] d.f.e.m.s.autoconfigure.EmbeddedMongo    : {"t":{"$date":"2025-12-09T09:14:47.954-05:00"},"s":"I",  "c":"REPL",     "id":6015317, "ctx":"initandlisten","msg":"Setting new configuration state","attr":{"newState":"ConfigReplicationDisabled","oldState":"ConfigPreStart"}}
2025-12-09T09:14:47.954-05:00  INFO 12432 --- [VladTech] [       Thread-8] d.f.e.m.s.autoconfigure.EmbeddedMongo    : {"t":{"$date":"2025-12-09T09:14:47.954-05:00"},"s":"I",  "c":"STORAGE",  "id":22262,   "ctx":"initandlisten","msg":"Timestamp monitor starting"}
2025-12-09T09:14:47.958-05:00  INFO 12432 --- [VladTech] [       Thread-8] d.f.e.m.s.autoconfigure.EmbeddedMongo    : {"t":{"$date":"2025-12-09T09:14:47.958-05:00"},"s":"I",  "c":"STORAGE",  "id":20320,   "ctx":"LogicalSessionCacheRefresh","msg":"createCollection","attr":{"namespace":"config.system.sessions","uuidDisposition":"generated","uuid":{"uuid":{"$uuid":"a3de6adc-8244-471b-b510-b366a9fe8e02"}},"options":{}}}
2025-12-09T09:14:47.958-05:00  INFO 12432 --- [VladTech] [       Thread-8] d.f.e.m.s.autoconfigure.EmbeddedMongo    : {"t":{"$date":"2025-12-09T09:14:47.958-05:00"},"s":"I",  "c":"CONTROL",  "id":20712,   "ctx":"LogicalSessionCacheReap","msg":"Sessions collection is not set up; waiting until next sessions reap interval","attr":{"error":"NamespaceNotFound: config.system.sessions does not exist"}}
2025-12-09T09:14:47.959-05:00  INFO 12432 --- [VladTech] [       Thread-8] d.f.e.m.s.autoconfigure.EmbeddedMongo    : {"t":{"$date":"2025-12-09T09:14:47.959-05:00"},"s":"I",  "c":"NETWORK",  "id":23015,   "ctx":"listener","msg":"Listening on","attr":{"address":"127.0.0.1"}}
2025-12-09T09:14:47.959-05:00  INFO 12432 --- [VladTech] [       Thread-8] d.f.e.m.s.autoconfigure.EmbeddedMongo    : {"t":{"$date":"2025-12-09T09:14:47.959-05:00"},"s":"I",  "c":"NETWORK",  "id":23016,   "ctx":"listener","msg":"Waiting for connections","attr":{"port":62083,"ssl":"off"}}
2025-12-09T09:14:47.960-05:00  INFO 12432 --- [VladTech] [       Thread-8] d.f.e.m.s.autoconfigure.EmbeddedMongo    : {"t":{"$date":"2025-12-09T09:14:47.959-05:00"},"s":"I",  "c":"CONTROL",  "id":8423403, "ctx":"initandlisten","msg":"mongod startup complete","attr":{"Summary of time elapsed":{"Startup from clean shutdown?":true,"Statistics":{"Transport layer setup":"0 ms","Run initial syncer crash recovery":"0 ms","Create storage engine lock file in the data directory":"0 ms","Get metadata describing storage engine":"0 ms","Create storage engine":"77 ms","Write current PID to file":"0 ms","Write a new metadata for storage engine":"0 ms","Initialize FCV before rebuilding indexes":"0 ms","Drop abandoned idents and get back indexes that need to be rebuilt or builds that need to be restarted":"0 ms","Rebuild indexes for collections":"0 ms","Load cluster parameters from disk for a standalone":"1 ms","Build user and roles graph":"0 ms","Set up the background thread pool responsible for waiting for opTimes to be majority committed":"0 ms","Initialize information needed to make a mongod instance shard aware":"0 ms","Start up the replication coordinator":"0 ms","Start transport layer":"1 ms","_initAndListen total elapsed time":"334 ms"}}}}
2025-12-09T09:14:47.975-05:00  INFO 12432 --- [VladTech] [       Thread-8] d.f.e.m.s.autoconfigure.EmbeddedMongo    : {"t":{"$date":"2025-12-09T09:14:47.975-05:00"},"s":"I",  "c":"REPL",     "id":7360102, "ctx":"LogicalSessionCacheRefresh","msg":"Added oplog entry for create to transaction","attr":{"namespace":"config.$cmd","uuid":{"uuid":{"$uuid":"a3de6adc-8244-471b-b510-b366a9fe8e02"}},"object":{"create":"system.sessions","idIndex":{"v":2,"key":{"_id":1},"name":"_id_"}}}}
2025-12-09T09:14:47.975-05:00  INFO 12432 --- [VladTech] [       Thread-8] d.f.e.m.s.autoconfigure.EmbeddedMongo    : {"t":{"$date":"2025-12-09T09:14:47.975-05:00"},"s":"I",  "c":"REPL",     "id":7360100, "ctx":"LogicalSessionCacheRefresh","msg":"Added oplog entry for createIndexes to transaction","attr":{"namespace":"config.$cmd","uuid":{"uuid":{"$uuid":"a3de6adc-8244-471b-b510-b366a9fe8e02"}},"object":{"createIndexes":"system.sessions","v":2,"key":{"lastUse":1},"name":"lsidTTLIndex","expireAfterSeconds":1800}}}
2025-12-09T09:14:47.983-05:00  INFO 12432 --- [VladTech] [       Thread-8] d.f.e.m.s.autoconfigure.EmbeddedMongo    : {"t":{"$date":"2025-12-09T09:14:47.983-05:00"},"s":"I",  "c":"INDEX",    "id":20345,   "ctx":"LogicalSessionCacheRefresh","msg":"Index build: done building","attr":{"buildUUID":null,"collectionUUID":{"uuid":{"$uuid":"a3de6adc-8244-471b-b510-b366a9fe8e02"}},"namespace":"config.system.sessions","index":"_id_","ident":"index-5-8446098085069869637","collectionIdent":"collection-4-8446098085069869637","commitTimestamp":null}}
2025-12-09T09:14:47.983-05:00  INFO 12432 --- [VladTech] [       Thread-8] d.f.e.m.s.autoconfigure.EmbeddedMongo    : {"t":{"$date":"2025-12-09T09:14:47.983-05:00"},"s":"I",  "c":"INDEX",    "id":20345,   "ctx":"LogicalSessionCacheRefresh","msg":"Index build: done building","attr":{"buildUUID":null,"collectionUUID":{"uuid":{"$uuid":"a3de6adc-8244-471b-b510-b366a9fe8e02"}},"namespace":"config.system.sessions","index":"lsidTTLIndex","ident":"index-6-8446098085069869637","collectionIdent":"collection-4-8446098085069869637","commitTimestamp":null}}
2025-12-09T09:14:48.288-05:00  INFO 12432 --- [VladTech] [       Thread-8] d.f.e.m.s.autoconfigure.EmbeddedMongo    : {"t":{"$date":"2025-12-09T09:14:48.288-05:00"},"s":"I",  "c":"NETWORK",  "id":22943,   "ctx":"listener","msg":"Connection accepted","attr":{"remote":"127.0.0.1:62084","uuid":{"uuid":{"$uuid":"c2841762-e10c-4ddb-b9c3-783450eccd6e"}},"connectionId":1,"connectionCount":1}}
2025-12-09T09:14:48.306-05:00  INFO 12432 --- [VladTech] [       Thread-8] d.f.e.m.s.autoconfigure.EmbeddedMongo    : {"t":{"$date":"2025-12-09T09:14:48.306-05:00"},"s":"I",  "c":"NETWORK",  "id":51800,   "ctx":"conn1","msg":"client metadata","attr":{"remote":"127.0.0.1:62084","client":"conn1","negotiatedCompressors":[],"doc":{"driver":{"name":"mongo-java-driver|sync|spring-boot","version":"5.5.2"},"os":{"type":"Windows","name":"Windows 11","architecture":"amd64","version":"10.0"},"platform":"Java/Microsoft/17.0.17+10-LTS"}}}
2025-12-09T09:14:48.316-05:00  INFO 12432 --- [VladTech] [    Test worker] org.mongodb.driver.client                : MongoClient with metadata {"driver": {"name": "mongo-java-driver|sync|spring-boot", "version": "5.5.2"}, "os": {"type": "Windows", "name": "Windows 11", "architecture": "amd64", "version": "10.0"}, "platform": "Java/Microsoft/17.0.17+10-LTS"} created with settings MongoClientSettings{readPreference=primary, writeConcern=WriteConcern{w=null, wTimeout=null ms, journal=null}, retryWrites=true, retryReads=true, readConcern=ReadConcern{level=null}, credential=null, transportSettings=null, commandListeners=[], codecRegistry=ProvidersCodecRegistry{codecProviders=[ValueCodecProvider{}, BsonValueCodecProvider{}, DBRefCodecProvider{}, DBObjectCodecProvider{}, DocumentCodecProvider{}, CollectionCodecProvider{}, IterableCodecProvider{}, MapCodecProvider{}, GeoJsonCodecProvider{}, GridFSFileCodecProvider{}, Jsr310CodecProvider{}, JsonObjectCodecProvider{}, BsonCodecProvider{}, EnumCodecProvider{}, com.mongodb.client.model.mql.ExpressionCodecProvider@6b84f2be, com.mongodb.Jep395RecordCodecProvider@77f32f2, com.mongodb.KotlinCodecProvider@6047906e]}, loggerSettings=LoggerSettings{maxDocumentLength=1000}, clusterSettings={hosts=[kubernetes.docker.internal:62083], srvServiceName=mongodb, mode=SINGLE, requiredClusterType=UNKNOWN, requiredReplicaSetName='null', serverSelector='null', clusterListeners='[]', serverSelectionTimeout='30000 ms', localThreshold='15 ms'}, socketSettings=SocketSettings{connectTimeoutMS=10000, readTimeoutMS=0, receiveBufferSize=0, proxySettings=ProxySettings{host=null, port=null, username=null, password=null}}, heartbeatSocketSettings=SocketSettings{connectTimeoutMS=10000, readTimeoutMS=10000, receiveBufferSize=0, proxySettings=ProxySettings{host=null, port=null, username=null, password=null}}, connectionPoolSettings=ConnectionPoolSettings{maxSize=100, minSize=0, maxWaitTimeMS=120000, maxConnectionLifeTimeMS=0, maxConnectionIdleTimeMS=0, maintenanceInitialDelayMS=0, maintenanceFrequencyMS=60000, connectionPoolListeners=[], maxConnecting=2}, serverSettings=ServerSettings{heartbeatFrequencyMS=10000, minHeartbeatFrequencyMS=500, serverMonitoringMode=AUTO, serverListeners='[]', serverMonitorListeners='[]'}, sslSettings=SslSettings{enabled=false, invalidHostNameAllowed=false, context=null}, applicationName='null', compressorList=[], uuidRepresentation=JAVA_LEGACY, serverApi=null, autoEncryptionSettings=null, dnsClient=null, inetAddressResolver=null, contextProvider=null, timeoutMS=null}
2025-12-09T09:14:48.341-05:00  INFO 12432 --- [VladTech] [.internal:62083] org.mongodb.driver.cluster               : Monitor thread successfully connected to server with description ServerDescription{address=kubernetes.docker.internal:62083, type=STANDALONE, cryptd=false, state=CONNECTED, ok=true, minWireVersion=0, maxWireVersion=21, maxDocumentSize=16777216, logicalSessionTimeoutMinutes=30, roundTripTimeNanos=46960400, minRoundTripTimeNanos=0}
2025-12-09T09:14:48.343-05:00  INFO 12432 --- [VladTech] [       Thread-8] d.f.e.m.s.autoconfigure.EmbeddedMongo    : {"t":{"$date":"2025-12-09T09:14:48.344-05:00"},"s":"I",  "c":"NETWORK",  "id":22943,   "ctx":"listener","msg":"Connection accepted","attr":{"remote":"127.0.0.1:62085","uuid":{"uuid":{"$uuid":"88c2a947-b4f6-4911-8892-0fd15c85edec"}},"connectionId":2,"connectionCount":2}}
2025-12-09T09:14:48.345-05:00  INFO 12432 --- [VladTech] [       Thread-8] d.f.e.m.s.autoconfigure.EmbeddedMongo    : {"t":{"$date":"2025-12-09T09:14:48.345-05:00"},"s":"I",  "c":"NETWORK",  "id":51800,   "ctx":"conn2","msg":"client metadata","attr":{"remote":"127.0.0.1:62085","client":"conn2","negotiatedCompressors":[],"doc":{"driver":{"name":"mongo-java-driver|sync|spring-boot","version":"5.5.2"},"os":{"type":"Windows","name":"Windows 11","architecture":"amd64","version":"10.0"},"platform":"Java/Microsoft/17.0.17+10-LTS"}}}
2025-12-09T09:14:49.975-05:00  INFO 12432 --- [VladTech] [    Test worker] o.a.c.c.C.[Tomcat].[localhost].[/]       : Initializing Spring TestDispatcherServlet ''
2025-12-09T09:14:49.976-05:00  INFO 12432 --- [VladTech] [    Test worker] o.s.t.web.servlet.TestDispatcherServlet  : Initializing Servlet ''
2025-12-09T09:14:49.976-05:00  INFO 12432 --- [VladTech] [    Test worker] o.s.t.web.servlet.TestDispatcherServlet  : Completed initialization in 0 ms
2025-12-09T09:14:50.287-05:00  INFO 12432 --- [VladTech] [    Test worker] o.s.b.w.embedded.tomcat.TomcatWebServer  : Tomcat started on port 62086 (http) with context path '/'
2025-12-09T09:14:50.294-05:00  INFO 12432 --- [VladTech] [    Test worker] .e.v.r.p.ReviewControllerIntegrationTest : Started ReviewControllerIntegrationTest in 4.902 seconds (process running for 17.546)
2025-12-09T09:14:50.299-05:00  INFO 12432 --- [VladTech] [    Test worker] o.e.v.utils.DatabaseLoaderService        : Loading sample data into MongoDB...
2025-12-09T09:14:50.299-05:00  INFO 12432 --- [VladTech] [    Test worker] o.e.v.utils.DatabaseLoaderService        : Clearing existing data...
2025-12-09T09:14:50.379-05:00  INFO 12432 --- [VladTech] [       Thread-8] d.f.e.m.s.autoconfigure.EmbeddedMongo    : {"t":{"$date":"2025-12-09T09:14:50.379-05:00"},"s":"I",  "c":"NETWORK",  "id":22943,   "ctx":"listener","msg":"Connection accepted","attr":{"remote":"127.0.0.1:62087","uuid":{"uuid":{"$uuid":"220bbf97-89be-4e75-977b-426d985d9f40"}},"connectionId":3,"connectionCount":3}}
2025-12-09T09:14:50.380-05:00  INFO 12432 --- [VladTech] [       Thread-8] d.f.e.m.s.autoconfigure.EmbeddedMongo    : {"t":{"$date":"2025-12-09T09:14:50.380-05:00"},"s":"I",  "c":"NETWORK",  "id":51800,   "ctx":"conn3","msg":"client metadata","attr":{"remote":"127.0.0.1:62087","client":"conn3","negotiatedCompressors":[],"doc":{"driver":{"name":"mongo-java-driver|sync|spring-boot","version":"5.5.2"},"os":{"type":"Windows","name":"Windows 11","architecture":"amd64","version":"10.0"},"platform":"Java/Microsoft/17.0.17+10-LTS"}}}
2025-12-09T09:14:50.406-05:00  INFO 12432 --- [VladTech] [       Thread-8] d.f.e.m.s.autoconfigure.EmbeddedMongo    : {"t":{"$date":"2025-12-09T09:14:50.406-05:00"},"s":"I",  "c":"NETWORK",  "id":6788700, "ctx":"conn3","msg":"Received first command on ingress connection since session start or auth handshake","attr":{"elapsedMillis":26}}
2025-12-09T09:14:50.460-05:00  INFO 12432 --- [VladTech] [       Thread-8] d.f.e.m.s.autoconfigure.EmbeddedMongo    : {"t":{"$date":"2025-12-09T09:14:50.461-05:00"},"s":"I",  "c":"STORAGE",  "id":20320,   "ctx":"conn3","msg":"createCollection","attr":{"namespace":"vladtechdb.projects","uuidDisposition":"generated","uuid":{"uuid":{"$uuid":"46e28278-d10d-425f-91ca-d0ba25dc169d"}},"options":{}}}
2025-12-09T09:14:50.469-05:00  INFO 12432 --- [VladTech] [       Thread-8] d.f.e.m.s.autoconfigure.EmbeddedMongo    : {"t":{"$date":"2025-12-09T09:14:50.470-05:00"},"s":"I",  "c":"REPL",     "id":7360102, "ctx":"conn3","msg":"Added oplog entry for create to transaction","attr":{"namespace":"vladtechdb.$cmd","uuid":{"uuid":{"$uuid":"46e28278-d10d-425f-91ca-d0ba25dc169d"}},"object":{"create":"projects","idIndex":{"v":2,"key":{"_id":1},"name":"_id_"}}}}
2025-12-09T09:14:50.469-05:00  INFO 12432 --- [VladTech] [       Thread-8] d.f.e.m.s.autoconfigure.EmbeddedMongo    : {"t":{"$date":"2025-12-09T09:14:50.470-05:00"},"s":"I",  "c":"INDEX",    "id":20345,   "ctx":"conn3","msg":"Index build: done building","attr":{"buildUUID":null,"collectionUUID":{"uuid":{"$uuid":"46e28278-d10d-425f-91ca-d0ba25dc169d"}},"namespace":"vladtechdb.projects","index":"_id_","ident":"index-8-8446098085069869637","collectionIdent":"collection-7-8446098085069869637","commitTimestamp":null}}
2025-12-09T09:14:50.479-05:00  INFO 12432 --- [VladTech] [    Test worker] o.e.v.utils.DatabaseLoaderService        : Appending sample review data to MongoDB...
2025-12-09T09:14:50.489-05:00  INFO 12432 --- [VladTech] [       Thread-8] d.f.e.m.s.autoconfigure.EmbeddedMongo    : {"t":{"$date":"2025-12-09T09:14:50.490-05:00"},"s":"I",  "c":"STORAGE",  "id":20320,   "ctx":"conn3","msg":"createCollection","attr":{"namespace":"vladtechdb.reviews","uuidDisposition":"generated","uuid":{"uuid":{"$uuid":"5b2f4bff-d1ae-44f7-9fb9-7a16fc1a38b3"}},"options":{}}}
2025-12-09T09:14:50.497-05:00  INFO 12432 --- [VladTech] [       Thread-8] d.f.e.m.s.autoconfigure.EmbeddedMongo    : {"t":{"$date":"2025-12-09T09:14:50.498-05:00"},"s":"I",  "c":"REPL",     "id":7360102, "ctx":"conn3","msg":"Added oplog entry for create to transaction","attr":{"namespace":"vladtechdb.$cmd","uuid":{"uuid":{"$uuid":"5b2f4bff-d1ae-44f7-9fb9-7a16fc1a38b3"}},"object":{"create":"reviews","idIndex":{"v":2,"key":{"_id":1},"name":"_id_"}}}}
2025-12-09T09:14:50.498-05:00  INFO 12432 --- [VladTech] [       Thread-8] d.f.e.m.s.autoconfigure.EmbeddedMongo    : {"t":{"$date":"2025-12-09T09:14:50.498-05:00"},"s":"I",  "c":"INDEX",    "id":20345,   "ctx":"conn3","msg":"Index build: done building","attr":{"buildUUID":null,"collectionUUID":{"uuid":{"$uuid":"5b2f4bff-d1ae-44f7-9fb9-7a16fc1a38b3"}},"namespace":"vladtechdb.reviews","index":"_id_","ident":"index-10-8446098085069869637","collectionIdent":"collection-9-8446098085069869637","commitTimestamp":null}}
2025-12-09T09:14:50.562-05:00  INFO 12432 --- [VladTech] [    Test worker] o.e.v.utils.DatabaseLoaderService        : Sample review data appended successfully. Total reviews: 10
]]></system-out>
  <system-err><![CDATA[]]></system-err>
</testsuite>
