<?xml version="1.0" encoding="UTF-8"?>
<testsuite name="org.example.vladtech.auth.presentation.AuthInfoControllerTest" tests="2" skipped="0" failures="0" errors="0" timestamp="2025-12-09T14:14:37.807Z" hostname="CUNNINGHAM" time="0.077">
  <properties/>
  <testcase name="getUserInfo_returnsUnauthenticated_whenJwtIsNull()" classname="org.example.vladtech.auth.presentation.AuthInfoControllerTest" time="0.007"/>
  <testcase name="getUserInfo_returnsUserFields_whenJwtIsPresent()" classname="org.example.vladtech.auth.presentation.AuthInfoControllerTest" time="0.069"/>
  <system-out><![CDATA[]]></system-out>
  <system-err><![CDATA[]]></system-err>
</testsuite>
