<?xml version="1.0" encoding="UTF-8"?>
<testsuite name="org.example.vladtech.contact.presentationlayer.ContactControllerTest" tests="1" skipped="0" failures="0" errors="0" timestamp="2025-12-09T14:14:44.040Z" hostname="CUNNINGHAM" time="0.198">
  <properties/>
  <testcase name="sendContact_returnsOk()" classname="org.example.vladtech.contact.presentationlayer.ContactControllerTest" time="0.198"/>
  <system-out><![CDATA[09:14:39.934 [Test worker] INFO org.springframework.test.context.support.AnnotationConfigContextLoaderUtils -- Could not detect default configuration classes for test class [org.example.vladtech.contact.presentationlayer.ContactControllerTest]: ContactControllerTest does not declare any static, non-private, non-final, nested classes annotated with @Configuration.
09:14:40.286 [Test worker] INFO org.springframework.boot.test.context.SpringBootTestContextBootstrapper -- Found @SpringBootConfiguration org.example.vladtech.VladTechApplication for test class org.example.vladtech.contact.presentationlayer.ContactControllerTest

  .   ____          _            __ _ _
 /\\ / ___'_ __ _ _(_)_ __  __ _ \ \ \ \
( ( )\___ | '_ | '_| | '_ \/ _` | \ \ \ \
 \\/  ___)| |_)| | | | | || (_| |  ) ) ) )
  '  |____| .__|_| |_|_| |_\__, | / / / /
 =========|_|==============|___/=/_/_/_/

 :: Spring Boot ::                (v3.5.7)

2025-12-09T09:14:41.485-05:00  INFO 12432 --- [VladTech] [    Test worker] o.e.v.c.p.ContactControllerTest          : Starting ContactControllerTest using Java 17.0.17 with PID 12432 (started by snipe in C:\Users\snipe\Downloads\VladTech-Inc)
2025-12-09T09:14:41.489-05:00  INFO 12432 --- [VladTech] [    Test worker] o.e.v.c.p.ContactControllerTest          : The following 1 profile is active: "test"
2025-12-09T09:14:43.955-05:00  INFO 12432 --- [VladTech] [    Test worker] o.s.b.t.m.w.SpringBootMockServletContext : Initializing Spring TestDispatcherServlet ''
2025-12-09T09:14:43.956-05:00  INFO 12432 --- [VladTech] [    Test worker] o.s.t.web.servlet.TestDispatcherServlet  : Initializing Servlet ''
2025-12-09T09:14:43.968-05:00  INFO 12432 --- [VladTech] [    Test worker] o.s.t.web.servlet.TestDispatcherServlet  : Completed initialization in 12 ms
2025-12-09T09:14:44.026-05:00  INFO 12432 --- [VladTech] [    Test worker] o.e.v.c.p.ContactControllerTest          : Started ContactControllerTest in 3.533 seconds (process running for 11.279)
]]></system-out>
  <system-err><![CDATA[]]></system-err>
</testsuite>
