<?xml version="1.0" encoding="UTF-8"?>
<testsuite name="org.example.vladtech.reviews.mapperlayer.ReviewRequestMapperTest" tests="1" skipped="0" failures="0" errors="0" timestamp="2025-12-09T14:14:45.353Z" hostname="CUNNINGHAM" time="0.001">
  <properties/>
  <testcase name="requestModelToEntity_mapsFields_and_ignoresId()" classname="org.example.vladtech.reviews.mapperlayer.ReviewRequestMapperTest" time="0.001"/>
  <system-out><![CDATA[]]></system-out>
  <system-err><![CDATA[]]></system-err>
</testsuite>
