<?xml version="1.0" encoding="UTF-8"?>
<testsuite name="org.example.vladtech.reviews.mapperlayer.ReviewResponseMapperTest" tests="2" skipped="0" failures="0" errors="0" timestamp="2025-12-09T14:14:45.357Z" hostname="CUNNINGHAM" time="0.001">
  <properties/>
  <testcase name="entityListToResponseModelList_mapsList()" classname="org.example.vladtech.reviews.mapperlayer.ReviewResponseMapperTest" time="0.0"/>
  <testcase name="entityToResponseModel_mapsFields()" classname="org.example.vladtech.reviews.mapperlayer.ReviewResponseMapperTest" time="0.001"/>
  <system-out><![CDATA[]]></system-out>
  <system-err><![CDATA[]]></system-err>
</testsuite>
